/*C39*/SET SCHEMA PUBLIC
DISCONNECT
/*C44*/SET SCHEMA PUBLIC
DISCONNECT
/*C40*/SET SCHEMA PUBLIC
DISCONNECT
/*C42*/SET SCHEMA PUBLIC
DISCONNECT
/*C45*/SET SCHEMA PUBLIC
DISCONNECT
/*C43*/SET SCHEMA PUBLIC
DISCONNECT
/*C46*/SET SCHEMA PUBLIC
DISCONNECT
/*C41*/SET SCHEMA PUBLIC
DISCONNECT
/*C48*/SET SCHEMA PUBLIC
DISCONNECT
/*C47*/SET SCHEMA PUBLIC
DISCONNECT
/*C49*/SET SCHEMA PUBLIC
DISCONNECT
/*C51*/SET SCHEMA PUBLIC
DISCONNECT
/*C50*/SET SCHEMA PUBLIC
DISCONNECT
/*C57*/SET SCHEMA PUBLIC
DISCONNECT
/*C56*/SET SCHEMA PUBLIC
DISCONNECT
/*C52*/SET SCHEMA PUBLIC
DISCONNECT
/*C53*/SET SCHEMA PUBLIC
DISCONNECT
/*C54*/SET SCHEMA PUBLIC
DISCONNECT
/*C55*/SET SCHEMA PUBLIC
DISCONNECT
/*C58*/SET SCHEMA PUBLIC
DISCONNECT
/*C59*/SET SCHEMA PUBLIC
INSERT INTO TRANSACTION VALUES('85131dd8-b746-422f-92ee-45a03198b779',123,'2312','2021-03-16 16:02:54.387000',1500.00)
COMMIT
/*C60*/SET SCHEMA PUBLIC
DISCONNECT
/*C61*/SET SCHEMA PUBLIC
DISCONNECT
/*C62*/SET SCHEMA PUBLIC
DISCONNECT
/*C59*/DISCONNECT
/*C63*/SET SCHEMA PUBLIC
DISCONNECT
/*C65*/SET SCHEMA PUBLIC
DISCONNECT
/*C66*/SET SCHEMA PUBLIC
DISCONNECT
/*C64*/SET SCHEMA PUBLIC
DISCONNECT
/*C67*/SET SCHEMA PUBLIC
DISCONNECT
/*C68*/SET SCHEMA PUBLIC
DISCONNECT
/*C69*/SET SCHEMA PUBLIC
INSERT INTO TRANSACTION VALUES('cfb1c36f-a67e-466e-97df-cf0db87ce9ac',1234,'victor','2021-03-16 16:14:34.828000',1000.00)
COMMIT
INSERT INTO TRANSACTION VALUES('81d51304-1fab-467e-a855-df0ebee127fa',1234,'Victor Hugo','2021-03-16 16:21:28.063000',1000.00)
COMMIT
INSERT INTO TRANSACTION VALUES('2b3b6aa6-23b2-4703-abd9-a9c1ef319243',1814697,'tac','2021-03-16 16:22:55.610000',23.00)
COMMIT
INSERT INTO TRANSACTION VALUES('8fe95938-b006-41c5-a1e9-28a5c75abd36',1584881,'tezte','2021-03-16 16:23:41.935000',1037.00)
COMMIT
INSERT INTO TRANSACTION VALUES('abd91a49-9b29-44b9-b60f-2a692bb57e96',1234,'victor','2021-03-16 16:23:52.644000',1500.00)
COMMIT
INSERT INTO TRANSACTION VALUES('5267f1e7-cf78-472d-8753-d951ad27b1d1',12313,'teste','2021-03-16 16:26:25.143000',123.00)
COMMIT
INSERT INTO TRANSACTION VALUES('6a7e74d0-062f-4eb1-963d-6a218fa2268f',12313,'teste','2021-03-16 16:26:37.589000',1000.00)
COMMIT
INSERT INTO TRANSACTION VALUES('e6b96df9-c283-40b4-bb88-115fcaead868',1584881,'tezte','2021-03-16 16:26:48.227000',1037.00)
COMMIT
INSERT INTO TRANSACTION VALUES('b3172fd1-d684-43f6-a750-100a45ad626e',1584881,'tezte','2021-03-16 16:27:16.625000',1425.00)
COMMIT
INSERT INTO TRANSACTION VALUES('573d57d6-b005-4137-afab-61e45b2dd8a8',1584881,'tezte','2021-03-16 16:27:58.005000',1425.00)
COMMIT
INSERT INTO TRANSACTION VALUES('24536ae6-66cd-4e3f-8931-907805f2c6df',1814697,'tac','2021-03-16 16:28:46.094000',153.00)
COMMIT
INSERT INTO TRANSACTION VALUES('d26ed6ec-b3af-49de-b84b-692f62f92f57',1814697,'tac','2021-03-16 16:29:14.606000',1535.00)
COMMIT
INSERT INTO TRANSACTION VALUES('0d244dcd-b7c4-410a-8999-e4671fba7ee6',1814697,'tac','2021-03-16 16:29:49.108000',1535.00)
COMMIT
DISCONNECT
/*C70*/SET SCHEMA PUBLIC
INSERT INTO TRANSACTION VALUES('d2a17296-604c-4eb9-88d0-de11c848ac0d',1234,'Victor Hugo','2021-03-16 16:34:05.509000',1024.00)
COMMIT
/*C72*/SET SCHEMA PUBLIC
DISCONNECT
/*C70*/DISCONNECT
/*C71*/SET SCHEMA PUBLIC
DISCONNECT
/*C73*/SET SCHEMA PUBLIC
DISCONNECT
/*C75*/SET SCHEMA PUBLIC
DISCONNECT
/*C77*/SET SCHEMA PUBLIC
DISCONNECT
/*C74*/SET SCHEMA PUBLIC
DISCONNECT
/*C76*/SET SCHEMA PUBLIC
DISCONNECT
/*C78*/SET SCHEMA PUBLIC
DISCONNECT
/*C79*/SET SCHEMA PUBLIC
INSERT INTO TRANSACTION VALUES('3bc6e871-f86f-4f84-a8ac-6f53754a454d',1234,'victor','2021-03-16 16:36:24.274000',1500.00)
COMMIT
INSERT INTO TRANSACTION VALUES('9a73b83c-cd15-461a-a5af-ae8f22a60b0a',12313,'teste','2021-03-16 16:41:45.012000',150.00)
COMMIT
INSERT INTO TRANSACTION VALUES('2c8c72b8-671c-43ab-bf47-16e09c5c0e50',12313,'teste','2021-03-16 16:42:21.136000',1500.00)
COMMIT
DISCONNECT
/*C82*/SET SCHEMA PUBLIC
DISCONNECT
/*C80*/SET SCHEMA PUBLIC
DISCONNECT
/*C81*/SET SCHEMA PUBLIC
DISCONNECT
/*C85*/SET SCHEMA PUBLIC
DISCONNECT
/*C83*/SET SCHEMA PUBLIC
DISCONNECT
/*C86*/SET SCHEMA PUBLIC
DISCONNECT
/*C84*/SET SCHEMA PUBLIC
DISCONNECT
/*C87*/SET SCHEMA PUBLIC
INSERT INTO TRANSACTION VALUES('95566f22-0635-49c9-8ec6-e47c04db2d8f',1234,'victor','2021-03-16 17:05:06.322000',150.00)
COMMIT
DISCONNECT
/*C88*/SET SCHEMA PUBLIC
DISCONNECT
/*C89*/SET SCHEMA PUBLIC
INSERT INTO TRANSACTION VALUES('60d23a0a-f2c8-487e-8820-9902b2ed07bc',1234,'victor','2021-03-16 17:07:45.450000',1500.00)
COMMIT
INSERT INTO TRANSACTION VALUES('b1d12cb1-4e4f-41b5-ad45-5ab5fdfc416e',1234,'victor','2021-03-16 17:22:50.479000',1500.00)
COMMIT
INSERT INTO TRANSACTION VALUES('e2086397-34a2-41e6-8aed-9cde003fe839',1234,'victor','2021-03-16 17:24:03.209000',5000.00)
COMMIT
INSERT INTO TRANSACTION VALUES('e1511def-096f-4d6e-ae28-719c95306dc2',1234,'victor','2021-03-16 17:25:06.318000',5000.00)
COMMIT
INSERT INTO TRANSACTION VALUES('07c706c9-8873-4a9f-b7b9-c613b12aeb44',12313,'teste','2021-03-16 17:27:20.380000',5000.00)
COMMIT
INSERT INTO TRANSACTION VALUES('2a859da2-2580-4cd0-9d3e-0653b9697477',12313,'teste','2021-03-16 17:28:02.150000',5000.00)
COMMIT
/*C92*/SET SCHEMA PUBLIC
DISCONNECT
/*C89*/DISCONNECT
/*C91*/SET SCHEMA PUBLIC
DISCONNECT
/*C90*/SET SCHEMA PUBLIC
DISCONNECT
/*C93*/SET SCHEMA PUBLIC
DISCONNECT
/*C94*/SET SCHEMA PUBLIC
DISCONNECT
/*C96*/SET SCHEMA PUBLIC
DISCONNECT
/*C95*/SET SCHEMA PUBLIC
DISCONNECT
/*C97*/SET SCHEMA PUBLIC
DISCONNECT
/*C98*/SET SCHEMA PUBLIC
DISCONNECT
